reports/io-ktor/3-0-0-to-3-4-3/run-24854300541/phase1/before/composeApp/build/outputs/logs/manifest-merger-release-report.txt
-- Merging decision tree log ---
manifest
ADDED from src/androidMain/AndroidManifest.xml:2:1-27:12
INJECTED from src/androidMain/AndroidManifest.xml:2:1-27:12
INJECTED from src/androidMain/AndroidManifest.xml:2:1-27:12
INJECTED from src/androidMain/AndroidManifest.xml:2:1-27:12
MERGED from [androidx.compose.ui:ui-test-junit4-android:1.5.4] AndroidManifest.xml:2:1-7:12
MERGED from [io.insert-koin:koin-android:3.5.0] AndroidManifest.xml:2:1-11:12
MERGED from [moe.tlaster:precompose-koin-android:1.5.10] AndroidManifest.xml:2:1-7:12
MERGED from [moe.tlaster:precompose-viewmodel-android:1.5.10] AndroidManifest.xml:2:1-7:12
MERGED from [moe.tlaster:precompose-android:1.5.10] AndroidManifest.xml:2:1-7:12
MERGED from [androidx.appcompat:appcompat-resources:1.6.1] AndroidManifest.xml:17:1-22:12
MERGED from [androidx.appcompat:appcompat:1.6.1] AndroidManifest.xml:17:1-22:12
MERGED from [androidx.fragment:fragment-ktx:1.6.1] AndroidManifest.xml:17:1-22:12
MERGED from [androidx.fragment:fragment:1.6.1] AndroidManifest.xml:17:1-22:12
MERGED from [androidx.activity:activity:1.8.2] AndroidManifest.xml:17:1-22:12
MERGED from [androidx.activity:activity-ktx:1.8.2] AndroidManifest.xml:2:1-7:12
MERGED from [androidx.activity:activity-compose:1.8.2] AndroidManifest.xml:2:1-7:12
MERGED from [com.google.accompanist:accompanist-systemuicontroller:0.31.3-beta] AndroidManifest.xml:17:1-25:12
MERGED from [org.jetbrains.compose.components:components-resources-android:1.6.1] AndroidManifest.xml:2:1-7:12
MERGED from [androidx.compose.material:material-ripple-android:1.6.3] AndroidManifest.xml:2:1-7:12
MERGED from [androidx.compose.material:material-icons-core-android:1.6.3] AndroidManifest.xml:2:1-7:12
MERGED from [androidx.compose.material:material-icons-extended-android:1.6.3] AndroidManifest.xml:2:1-7:12
MERGED from [androidx.compose.material:material-android:1.6.3] AndroidManifest.xml:2:1-7:12
MERGED from [androidx.compose.animation:animation-core-android:1.6.3] AndroidManifest.xml:2:1-7:12
MERGED from [androidx.compose.animation:animation-android:1.6.3] AndroidManifest.xml:2:1-7:12
MERGED from [androidx.compose.foundation:foundation-layout-android:1.6.3] AndroidManifest.xml:2:1-7:12
MERGED from [androidx.compose.foundation:foundation-android:1.6.3] AndroidManifest.xml:2:1-7:12
MERGED from [androidx.drawerlayout:drawerlayout:1.0.0] AndroidManifest.xml:17:1-22:12
MERGED from [androidx.emoji2:emoji2-views-helper:1.3.0] AndroidManifest.xml:2:1-7:12
MERGED from [androidx.compose.ui:ui-tooling-preview-android:1.6.3] AndroidManifest.xml:17:1-22:12
MERGED from [androidx.compose.ui:ui-unit-android:1.6.3] AndroidManifest.xml:2:1-7:12
MERGED from [androidx.compose.ui:ui-graphics-android:1.6.3] AndroidManifest.xml:2:1-7:12
MERGED from [androidx.compose.ui:ui-test-android:1.6.3] AndroidManifest.xml:2:1-7:12
MERGED from [androidx.compose.ui:ui-geometry-android:1.6.3] AndroidManifest.xml:2:1-7:12
MERGED from [androidx.compose.ui:ui-util-android:1.6.3] AndroidManifest.xml:2:1-7:12
MERGED from [androidx.compose.ui:ui-text-android:1.6.3] AndroidManifest.xml:2:1-7:12
MERGED from [androidx.emoji2:emoji2:1.3.0] AndroidManifest.xml:17:1-35:12
MERGED from [androidx.autofill:autofill:1.0.0] AndroidManifest.xml:17:1-24:12
MERGED from [androidx.vectordrawable:vectordrawable-animated:1.1.0] AndroidManifest.xml:17:1-24:12
MERGED from [androidx.vectordrawable:vectordrawable:1.1.0] AndroidManifest.xml:17:1-24:12
MERGED from [androidx.viewpager:viewpager:1.0.0] AndroidManifest.xml:17:1-22:12
MERGED from [androidx.customview:customview:1.0.0] AndroidManifest.xml:17:1-22:12
MERGED from [androidx.loader:loader:1.0.0] AndroidManifest.xml:17:1-22:12
MERGED from [androidx.test.ext:junit:1.1.5] AndroidManifest.xml:17:1-24:12
MERGED from [androidx.test.espresso:espresso-core:3.5.0] AndroidManifest.xml:17:1-24:12
MERGED from [androidx.test:core:1.5.0] AndroidManifest.xml:17:1-53:12
MERGED from [androidx.savedstate:savedstate-ktx:1.2.1] AndroidManifest.xml:17:1-22:12
MERGED from [androidx.savedstate:savedstate:1.2.1] AndroidManifest.xml:17:1-22:12
MERGED from [androidx.lifecycle:lifecycle-livedata:2.6.2] AndroidManifest.xml:17:1-22:12
MERGED from [androidx.lifecycle:lifecycle-process:2.6.2] AndroidManifest.xml:17:1-35:12
MERGED from [androidx.lifecycle:lifecycle-livedata-core:2.6.2] AndroidManifest.xml:17:1-22:12
MERGED from [androidx.lifecycle:lifecycle-viewmodel-ktx:2.6.2] AndroidManifest.xml:17:1-22:12
MERGED from [androidx.lifecycle:lifecycle-viewmodel:2.6.2] AndroidManifest.xml:17:1-22:12
MERGED from [androidx.lifecycle:lifecycle-livedata-core-ktx:2.6.2] AndroidManifest.xml:17:1-22:12
MERGED from [androidx.lifecycle:lifecycle-viewmodel-savedstate:2.6.2] AndroidManifest.xml:17:1-22:12
MERGED from [androidx.customview:customview-poolingcontainer:1.0.0] AndroidManifest.xml:17:1-23:12
MERGED from [androidx.core:core-ktx:1.12.0] AndroidManifest.xml:2:1-7:12
MERGED from [androidx.core:core:1.12.0] AndroidManifest.xml:17:1-30:12
MERGED from [androidx.lifecycle:lifecycle-runtime:2.6.2] AndroidManifest.xml:2:1-7:12
MERGED from [androidx.lifecycle:lifecycle-runtime-ktx:2.6.2] AndroidManifest.xml:17:1-22:12
MERGED from [androidx.lifecycle:lifecycle-viewmodel-compose:2.6.2] AndroidManifest.xml:17:1-22:12
MERGED from [androidx.compose.ui:ui-android:1.6.3] AndroidManifest.xml:2:1-7:12
MERGED from [app.cash.sqldelight:android-driver:2.0.1] AndroidManifest.xml:2:1-7:12
MERGED from [androidx.compose.runtime:runtime-saveable-android:1.6.3] AndroidManifest.xml:2:1-7:12
MERGED from [androidx.compose.runtime:runtime-android:1.6.3] AndroidManifest.xml:2:1-7:12
MERGED from [androidx.sqlite:sqlite:2.4.0] AndroidManifest.xml:17:1-22:12
MERGED from [androidx.sqlite:sqlite-framework:2.4.0] AndroidManifest.xml:17:1-22:12
MERGED from [androidx.versionedparcelable:versionedparcelable:1.1.1] AndroidManifest.xml:17:1-27:12
MERGED from [androidx.test:runner:1.5.0] AndroidManifest.xml:17:1-32:12
MERGED from [androidx.test.services:storage:1.4.2] AndroidManifest.xml:17:1-24:12
MERGED from [androidx.test:monitor:1.6.1] AndroidManifest.xml:17:1-24:12
MERGED from [androidx.test:annotation:1.0.1] AndroidManifest.xml:17:1-24:12
MERGED from [androidx.annotation:annotation-experimental:1.3.0] AndroidManifest.xml:17:1-22:12
MERGED from [androidx.profileinstaller:profileinstaller:1.3.0] AndroidManifest.xml:17:1-55:12
MERGED from [androidx.startup:startup-runtime:1.1.1] AndroidManifest.xml:17:1-33:12
MERGED from [androidx.tracing:tracing:1.0.0] AndroidManifest.xml:17:1-24:12
MERGED from [androidx.cursoradapter:cursoradapter:1.0.0] AndroidManifest.xml:17:1-22:12
MERGED from [androidx.interpolator:interpolator:1.0.0] AndroidManifest.xml:17:1-22:12
MERGED from [androidx.arch.core:core-runtime:2.2.0] AndroidManifest.xml:17:1-22:12
MERGED from [androidx.test.espresso:espresso-idling-resource:3.5.0] AndroidManifest.xml:17:1-24:12
	package
		INJECTED from src/androidMain/AndroidManifest.xml
	android:versionName
		INJECTED from src/androidMain/AndroidManifest.xml
	android:versionCode
		INJECTED from src/androidMain/AndroidManifest.xml
	xmlns:android
		ADDED from src/androidMain/AndroidManifest.xml:2:11-69
uses-permission#android.permission.INTERNET
ADDED from src/androidMain/AndroidManifest.xml:4:5-67
	android:name
		ADDED from src/androidMain/AndroidManifest.xml:4:22-64
application
ADDED from src/androidMain/AndroidManifest.xml:6:5-25:19
INJECTED from src/androidMain/AndroidManifest.xml:6:5-25:19
MERGED from [io.insert-koin:koin-android:3.5.0] AndroidManifest.xml:9:5-20
MERGED from [io.insert-koin:koin-android:3.5.0] AndroidManifest.xml:9:5-20
MERGED from [androidx.emoji2:emoji2:1.3.0] AndroidManifest.xml:23:5-33:19
MERGED from [androidx.emoji2:emoji2:1.3.0] AndroidManifest.xml:23:5-33:19
MERGED from [androidx.test:core:1.5.0] AndroidManifest.xml:26:5-51:19
MERGED from [androidx.test:core:1.5.0] AndroidManifest.xml:26:5-51:19
MERGED from [androidx.lifecycle:lifecycle-process:2.6.2] AndroidManifest.xml:23:5-33:19
MERGED from [androidx.lifecycle:lifecycle-process:2.6.2] AndroidManifest.xml:23:5-33:19
MERGED from [androidx.core:core:1.12.0] AndroidManifest.xml:28:5-89
MERGED from [androidx.core:core:1.12.0] AndroidManifest.xml:28:5-89
MERGED from [androidx.versionedparcelable:versionedparcelable:1.1.1] AndroidManifest.xml:24:5-25:19
MERGED from [androidx.versionedparcelable:versionedparcelable:1.1.1] AndroidManifest.xml:24:5-25:19
MERGED from [androidx.test:runner:1.5.0] AndroidManifest.xml:30:5-20
MERGED from [androidx.test:runner:1.5.0] AndroidManifest.xml:30:5-20
MERGED from [androidx.profileinstaller:profileinstaller:1.3.0] AndroidManifest.xml:23:5-53:19
MERGED from [androidx.profileinstaller:profileinstaller:1.3.0] AndroidManifest.xml:23:5-53:19
MERGED from [androidx.startup:startup-runtime:1.1.1] AndroidManifest.xml:25:5-31:19
MERGED from [androidx.startup:startup-runtime:1.1.1] AndroidManifest.xml:25:5-31:19
	android:extractNativeLibs
		INJECTED from src/androidMain/AndroidManifest.xml
	android:appComponentFactory
		ADDED from [androidx.core:core:1.12.0] AndroidManifest.xml:28:18-86
	android:supportsRtl
		ADDED from src/androidMain/AndroidManifest.xml:13:9-35
	android:label
		ADDED from src/androidMain/AndroidManifest.xml:11:9-41
	android:roundIcon
		ADDED from src/androidMain/AndroidManifest.xml:12:9-54
	android:icon
		ADDED from src/androidMain/AndroidManifest.xml:9:9-43
	android:allowBackup
		ADDED from src/androidMain/AndroidManifest.xml:8:9-35
	android:theme
		ADDED from src/androidMain/AndroidManifest.xml:14:9-72
	android:usesCleartextTraffic
		ADDED from src/androidMain/AndroidManifest.xml:10:9-44
	android:name
		ADDED from src/androidMain/AndroidManifest.xml:7:9-40
activity#org.example.project.MainActivity
ADDED from src/androidMain/AndroidManifest.xml:15:9-24:20
	android:exported
		ADDED from src/androidMain/AndroidManifest.xml:16:13-36
	android:configChanges
		ADDED from src/androidMain/AndroidManifest.xml:17:13-225
	android:name
		ADDED from src/androidMain/AndroidManifest.xml:18:13-41
intent-filter#action:name:android.intent.action.MAIN+category:name:android.intent.category.LAUNCHER
ADDED from src/androidMain/AndroidManifest.xml:19:13-23:29
action#android.intent.action.MAIN
ADDED from src/androidMain/AndroidManifest.xml:20:17-69
	android:name
		ADDED from src/androidMain/AndroidManifest.xml:20:25-66
category#android.intent.category.LAUNCHER
ADDED from src/androidMain/AndroidManifest.xml:22:17-77
	android:name
		ADDED from src/androidMain/AndroidManifest.xml:22:27-74
uses-sdk
INJECTED from src/androidMain/AndroidManifest.xml reason: use-sdk injection requested
INJECTED from src/androidMain/AndroidManifest.xml
INJECTED from src/androidMain/AndroidManifest.xml
MERGED from [androidx.compose.ui:ui-test-junit4-android:1.5.4] AndroidManifest.xml:5:5-44
MERGED from [androidx.compose.ui:ui-test-junit4-android:1.5.4] AndroidManifest.xml:5:5-44
MERGED from [io.insert-koin:koin-android:3.5.0] AndroidManifest.xml:5:5-7:41
MERGED from [io.insert-koin:koin-android:3.5.0] AndroidManifest.xml:5:5-7:41
MERGED from [moe.tlaster:precompose-koin-android:1.5.10] AndroidManifest.xml:5:5-44
MERGED from [moe.tlaster:precompose-koin-android:1.5.10] AndroidManifest.xml:5:5-44
MERGED from [moe.tlaster:precompose-viewmodel-android:1.5.10] AndroidManifest.xml:5:5-44
MERGED from [moe.tlaster:precompose-viewmodel-android:1.5.10] AndroidManifest.xml:5:5-44
MERGED from [moe.tlaster:precompose-android:1.5.10] AndroidManifest.xml:5:5-44
MERGED from [moe.tlaster:precompose-android:1.5.10] AndroidManifest.xml:5:5-44
MERGED from [androidx.appcompat:appcompat-resources:1.6.1] AndroidManifest.xml:20:5-44
MERGED from [androidx.appcompat:appcompat-resources:1.6.1] AndroidManifest.xml:20:5-44
MERGED from [androidx.appcompat:appcompat:1.6.1] AndroidManifest.xml:20:5-44
MERGED from [androidx.appcompat:appcompat:1.6.1] AndroidManifest.xml:20:5-44
MERGED from [androidx.fragment:fragment-ktx:1.6.1] AndroidManifest.xml:20:5-44
MERGED from [androidx.fragment:fragment-ktx:1.6.1] AndroidManifest.xml:20:5-44
MERGED from [androidx.fragment:fragment:1.6.1] AndroidManifest.xml:20:5-44
MERGED from [androidx.fragment:fragment:1.6.1] AndroidManifest.xml:20:5-44
MERGED from [androidx.activity:activity:1.8.2] AndroidManifest.xml:20:5-44
MERGED from [androidx.activity:activity:1.8.2] AndroidManifest.xml:20:5-44
MERGED from [androidx.activity:activity-ktx:1.8.2] AndroidManifest.xml:5:5-44
MERGED from [androidx.activity:activity-ktx:1.8.2] AndroidManifest.xml:5:5-44
MERGED from [androidx.activity:activity-compose:1.8.2] AndroidManifest.xml:5:5-44
MERGED from [androidx.activity:activity-compose:1.8.2] AndroidManifest.xml:5:5-44
MERGED from [com.google.accompanist:accompanist-systemuicontroller:0.31.3-beta] AndroidManifest.xml:21:5-23:42
MERGED from [com.google.accompanist:accompanist-systemuicontroller:0.31.3-beta] AndroidManifest.xml:21:5-23:42
MERGED from [org.jetbrains.compose.components:components-resources-android:1.6.1] AndroidManifest.xml:5:5-44
MERGED from [org.jetbrains.compose.components:components-resources-android:1.6.1] AndroidManifest.xml:5:5-44
MERGED from [androidx.compose.material:material-ripple-android:1.6.3] AndroidManifest.xml:5:5-44
MERGED from [androidx.compose.material:material-ripple-android:1.6.3] AndroidManifest.xml:5:5-44
MERGED from [androidx.compose.material:material-icons-core-android:1.6.3] AndroidManifest.xml:5:5-44
MERGED from [androidx.compose.material:material-icons-core-android:1.6.3] AndroidManifest.xml:5:5-44
MERGED from [androidx.compose.material:material-icons-extended-android:1.6.3] AndroidManifest.xml:5:5-44
MERGED from [androidx.compose.material:material-icons-extended-android:1.6.3] AndroidManifest.xml:5:5-44
MERGED from [androidx.compose.material:material-android:1.6.3] AndroidManifest.xml:5:5-44
MERGED from [androidx.compose.material:material-android:1.6.3] AndroidManifest.xml:5:5-44
MERGED from [androidx.compose.animation:animation-core-android:1.6.3] AndroidManifest.xml:5:5-44
MERGED from [androidx.compose.animation:animation-core-android:1.6.3] AndroidManifest.xml:5:5-44
MERGED from [androidx.compose.animation:animation-android:1.6.3] AndroidManifest.xml:5:5-44
MERGED from [androidx.compose.animation:animation-android:1.6.3] AndroidManifest.xml:5:5-44
MERGED from [androidx.compose.foundation:foundation-layout-android:1.6.3] AndroidManifest.xml:5:5-44
MERGED from [androidx.compose.foundation:foundation-layout-android:1.6.3] AndroidManifest.xml:5:5-44
MERGED from [androidx.compose.foundation:foundation-android:1.6.3] AndroidManifest.xml:5:5-44
MERGED from [androidx.compose.foundation:foundation-android:1.6.3] AndroidManifest.xml:5:5-44
MERGED from [androidx.drawerlayout:drawerlayout:1.0.0] AndroidManifest.xml:20:5-44
MERGED from [androidx.drawerlayout:drawerlayout:1.0.0] AndroidManifest.xml:20:5-44
MERGED from [androidx.emoji2:emoji2-views-helper:1.3.0] AndroidManifest.xml:5:5-44
MERGED from [androidx.emoji2:emoji2-views-helper:1.3.0] AndroidManifest.xml:5:5-44
MERGED from [androidx.compose.ui:ui-tooling-preview-android:1.6.3] AndroidManifest.xml:20:5-44
MERGED from [androidx.compose.ui:ui-tooling-preview-android:1.6.3] AndroidManifest.xml:20:5-44
MERGED from [androidx.compose.ui:ui-unit-android:1.6.3] AndroidManifest.xml:5:5-44
MERGED from [androidx.compose.ui:ui-unit-android:1.6.3] AndroidManifest.xml:5:5-44
MERGED from [androidx.compose.ui:ui-graphics-android:1.6.3] AndroidManifest.xml:5:5-44
MERGED from [androidx.compose.ui:ui-graphics-android:1.6.3] AndroidManifest.xml:5:5-44
MERGED from [androidx.compose.ui:ui-test-android:1.6.3] AndroidManifest.xml:5:5-44
MERGED from [androidx.compose.ui:ui-test-android:1.6.3] AndroidManifest.xml:5:5-44
MERGED from [androidx.compose.ui:ui-geometry-android:1.6.3] AndroidManifest.xml:5:5-44
MERGED from [androidx.compose.ui:ui-geometry-android:1.6.3] AndroidManifest.xml:5:5-44
MERGED from [androidx.compose.ui:ui-util-android:1.6.3] AndroidManifest.xml:5:5-44
MERGED from [androidx.compose.ui:ui-util-android:1.6.3] AndroidManifest.xml:5:5-44
MERGED from [androidx.compose.ui:ui-text-android:1.6.3] AndroidManifest.xml:5:5-44
MERGED from [androidx.compose.ui:ui-text-android:1.6.3] AndroidManifest.xml:5:5-44
MERGED from [androidx.emoji2:emoji2:1.3.0] AndroidManifest.xml:21:5-44
MERGED from [androidx.emoji2:emoji2:1.3.0] AndroidManifest.xml:21:5-44
MERGED from [androidx.autofill:autofill:1.0.0] AndroidManifest.xml:20:5-22:41
MERGED from [androidx.autofill:autofill:1.0.0] AndroidManifest.xml:20:5-22:41
MERGED from [androidx.vectordrawable:vectordrawable-animated:1.1.0] AndroidManifest.xml:20:5-22:41
MERGED from [androidx.vectordrawable:vectordrawable-animated:1.1.0] AndroidManifest.xml:20:5-22:41
MERGED from [androidx.vectordrawable:vectordrawable:1.1.0] AndroidManifest.xml:20:5-22:41
MERGED from [androidx.vectordrawable:vectordrawable:1.1.0] AndroidManifest.xml:20:5-22:41
MERGED from [androidx.viewpager:viewpager:1.0.0] AndroidManifest.xml:20:5-44
MERGED from [androidx.viewpager:viewpager:1.0.0] AndroidManifest.xml:20:5-44
MERGED from [androidx.customview:customview:1.0.0] AndroidManifest.xml:20:5-44
MERGED from [androidx.customview:customview:1.0.0] AndroidManifest.xml:20:5-44
MERGED from [androidx.loader:loader:1.0.0] AndroidManifest.xml:20:5-44
MERGED from [androidx.loader:loader:1.0.0] AndroidManifest.xml:20:5-44
MERGED from [androidx.test.ext:junit:1.1.5] AndroidManifest.xml:20:5-22:41
MERGED from [androidx.test.ext:junit:1.1.5] AndroidManifest.xml:20:5-22:41
MERGED from [androidx.test.espresso:espresso-core:3.5.0] AndroidManifest.xml:20:5-22:41
MERGED from [androidx.test.espresso:espresso-core:3.5.0] AndroidManifest.xml:20:5-22:41
MERGED from [androidx.test:core:1.5.0] AndroidManifest.xml:20:5-22:41
MERGED from [androidx.test:core:1.5.0] AndroidManifest.xml:20:5-22:41
MERGED from [androidx.savedstate:savedstate-ktx:1.2.1] AndroidManifest.xml:20:5-44
MERGED from [androidx.savedstate:savedstate-ktx:1.2.1] AndroidManifest.xml:20:5-44
MERGED from [androidx.savedstate:savedstate:1.2.1] AndroidManifest.xml:20:5-44
MERGED from [androidx.savedstate:savedstate:1.2.1] AndroidManifest.xml:20:5-44
MERGED from [androidx.lifecycle:lifecycle-livedata:2.6.2] AndroidManifest.xml:20:5-44
MERGED from [androidx.lifecycle:lifecycle-livedata:2.6.2] AndroidManifest.xml:20:5-44
MERGED from [androidx.lifecycle:lifecycle-process:2.6.2] AndroidManifest.xml:21:5-44
MERGED from [androidx.lifecycle:lifecycle-process:2.6.2] AndroidManifest.xml:21:5-44
MERGED from [androidx.lifecycle:lifecycle-livedata-core:2.6.2] AndroidManifest.xml:20:5-44
MERGED from [androidx.lifecycle:lifecycle-livedata-core:2.6.2] AndroidManifest.xml:20:5-44
MERGED from [androidx.lifecycle:lifecycle-viewmodel-ktx:2.6.2] AndroidManifest.xml:20:5-44
MERGED from [androidx.lifecycle:lifecycle-viewmodel-ktx:2.6.2] AndroidManifest.xml:20:5-44
MERGED from [androidx.lifecycle:lifecycle-viewmodel:2.6.2] AndroidManifest.xml:20:5-44
MERGED from [androidx.lifecycle:lifecycle-viewmodel:2.6.2] AndroidManifest.xml:20:5-44
MERGED from [androidx.lifecycle:lifecycle-livedata-core-ktx:2.6.2] AndroidManifest.xml:20:5-44
MERGED from [androidx.lifecycle:lifecycle-livedata-core-ktx:2.6.2] AndroidManifest.xml:20:5-44
MERGED from [androidx.lifecycle:lifecycle-viewmodel-savedstate:2.6.2] AndroidManifest.xml:20:5-44
MERGED from [androidx.lifecycle:lifecycle-viewmodel-savedstate:2.6.2] AndroidManifest.xml:20:5-44
MERGED from [androidx.customview:customview-poolingcontainer:1.0.0] AndroidManifest.xml:20:5-21:38
MERGED from [androidx.customview:customview-poolingcontainer:1.0.0] AndroidManifest.xml:20:5-21:38
MERGED from [androidx.core:core-ktx:1.12.0] AndroidManifest.xml:5:5-44
MERGED from [androidx.core:core-ktx:1.12.0] AndroidManifest.xml:5:5-44
MERGED from [androidx.core:core:1.12.0] AndroidManifest.xml:20:5-44
MERGED from [androidx.core:core:1.12.0] AndroidManifest.xml:20:5-44
MERGED from [androidx.lifecycle:lifecycle-runtime:2.6.2] AndroidManifest.xml:5:5-44
MERGED from [androidx.lifecycle:lifecycle-runtime:2.6.2] AndroidManifest.xml:5:5-44
MERGED from [androidx.lifecycle:lifecycle-runtime-ktx:2.6.2] AndroidManifest.xml:20:5-44
MERGED from [androidx.lifecycle:lifecycle-runtime-ktx:2.6.2] AndroidManifest.xml:20:5-44
MERGED from [androidx.lifecycle:lifecycle-viewmodel-compose:2.6.2] AndroidManifest.xml:20:5-44
MERGED from [androidx.lifecycle:lifecycle-viewmodel-compose:2.6.2] AndroidManifest.xml:20:5-44
MERGED from [androidx.compose.ui:ui-android:1.6.3] AndroidManifest.xml:5:5-44
MERGED from [androidx.compose.ui:ui-android:1.6.3] AndroidManifest.xml:5:5-44
MERGED from [app.cash.sqldelight:android-driver:2.0.1] AndroidManifest.xml:5:5-44
MERGED from [app.cash.sqldelight:android-driver:2.0.1] AndroidManifest.xml:5:5-44
MERGED from [androidx.compose.runtime:runtime-saveable-android:1.6.3] AndroidManifest.xml:5:5-44
MERGED from [androidx.compose.runtime:runtime-saveable-android:1.6.3] AndroidManifest.xml:5:5-44
MERGED from [androidx.compose.runtime:runtime-android:1.6.3] AndroidManifest.xml:5:5-44
MERGED from [androidx.compose.runtime:runtime-android:1.6.3] AndroidManifest.xml:5:5-44
MERGED from [androidx.sqlite:sqlite:2.4.0] AndroidManifest.xml:20:5-44
MERGED from [androidx.sqlite:sqlite:2.4.0] AndroidManifest.xml:20:5-44
MERGED from [androidx.sqlite:sqlite-framework:2.4.0] AndroidManifest.xml:20:5-44
MERGED from [androidx.sqlite:sqlite-framework:2.4.0] AndroidManifest.xml:20:5-44
MERGED from [androidx.versionedparcelable:versionedparcelable:1.1.1] AndroidManifest.xml:20:5-22:41
MERGED from [androidx.versionedparcelable:versionedparcelable:1.1.1] AndroidManifest.xml:20:5-22:41
MERGED from [androidx.test:runner:1.5.0] AndroidManifest.xml:20:5-22:41
MERGED from [androidx.test:runner:1.5.0] AndroidManifest.xml:20:5-22:41
MERGED from [androidx.test.services:storage:1.4.2] AndroidManifest.xml:20:5-22:41
MERGED from [androidx.test.services:storage:1.4.2] AndroidManifest.xml:20:5-22:41
MERGED from [androidx.test:monitor:1.6.1] AndroidManifest.xml:20:5-22:41
MERGED from [androidx.test:monitor:1.6.1] AndroidManifest.xml:20:5-22:41
MERGED from [androidx.test:annotation:1.0.1] AndroidManifest.xml:20:5-22:41
MERGED from [androidx.test:annotation:1.0.1] AndroidManifest.xml:20:5-22:41
MERGED from [androidx.annotation:annotation-experimental:1.3.0] AndroidManifest.xml:20:5-44
MERGED from [androidx.annotation:annotation-experimental:1.3.0] AndroidManifest.xml:20:5-44
MERGED from [androidx.profileinstaller:profileinstaller:1.3.0] AndroidManifest.xml:21:5-44
MERGED from [androidx.profileinstaller:profileinstaller:1.3.0] AndroidManifest.xml:21:5-44
MERGED from [androidx.startup:startup-runtime:1.1.1] AndroidManifest.xml:21:5-23:41
MERGED from [androidx.startup:startup-runtime:1.1.1] AndroidManifest.xml:21:5-23:41
MERGED from [androidx.tracing:tracing:1.0.0] AndroidManifest.xml:20:5-22:41
MERGED from [androidx.tracing:tracing:1.0.0] AndroidManifest.xml:20:5-22:41
MERGED from [androidx.cursoradapter:cursoradapter:1.0.0] AndroidManifest.xml:20:5-44
MERGED from [androidx.cursoradapter:cursoradapter:1.0.0] AndroidManifest.xml:20:5-44
MERGED from [androidx.interpolator:interpolator:1.0.0] AndroidManifest.xml:20:5-44
MERGED from [androidx.interpolator:interpolator:1.0.0] AndroidManifest.xml:20:5-44
MERGED from [androidx.arch.core:core-runtime:2.2.0] AndroidManifest.xml:20:5-44
MERGED from [androidx.arch.core:core-runtime:2.2.0] AndroidManifest.xml:20:5-44
MERGED from [androidx.test.espresso:espresso-idling-resource:3.5.0] AndroidManifest.xml:20:5-22:41
MERGED from [androidx.test.espresso:espresso-idling-resource:3.5.0] AndroidManifest.xml:20:5-22:41
	android:targetSdkVersion
		INJECTED from src/androidMain/AndroidManifest.xml
	tools:ignore
		ADDED from [com.google.accompanist:accompanist-systemuicontroller:0.31.3-beta] AndroidManifest.xml:23:9-39
	android:minSdkVersion
		INJECTED from src/androidMain/AndroidManifest.xml
provider#androidx.startup.InitializationProvider
ADDED from [androidx.emoji2:emoji2:1.3.0] AndroidManifest.xml:24:9-32:20
MERGED from [androidx.lifecycle:lifecycle-process:2.6.2] AndroidManifest.xml:24:9-32:20
MERGED from [androidx.lifecycle:lifecycle-process:2.6.2] AndroidManifest.xml:24:9-32:20
MERGED from [androidx.profileinstaller:profileinstaller:1.3.0] AndroidManifest.xml:24:9-32:20
MERGED from [androidx.profileinstaller:profileinstaller:1.3.0] AndroidManifest.xml:24:9-32:20
MERGED from [androidx.startup:startup-runtime:1.1.1] AndroidManifest.xml:26:9-30:34
MERGED from [androidx.startup:startup-runtime:1.1.1] AndroidManifest.xml:26:9-30:34
	tools:node
		ADDED from [androidx.emoji2:emoji2:1.3.0] AndroidManifest.xml:28:13-31
	android:authorities
		ADDED from [androidx.emoji2:emoji2:1.3.0] AndroidManifest.xml:26:13-68
	android:exported
		ADDED from [androidx.emoji2:emoji2:1.3.0] AndroidManifest.xml:27:13-37
	android:name
		ADDED from [androidx.emoji2:emoji2:1.3.0] AndroidManifest.xml:25:13-67
meta-data#androidx.emoji2.text.EmojiCompatInitializer
ADDED from [androidx.emoji2:emoji2:1.3.0] AndroidManifest.xml:29:13-31:52
	android:value
		ADDED from [androidx.emoji2:emoji2:1.3.0] AndroidManifest.xml:31:17-49
	android:name
		ADDED from [androidx.emoji2:emoji2:1.3.0] AndroidManifest.xml:30:17-75
uses-permission#android.permission.REORDER_TASKS
ADDED from [androidx.test:core:1.5.0] AndroidManifest.xml:24:5-72
	android:name
		ADDED from [androidx.test:core:1.5.0] AndroidManifest.xml:24:22-69
activity#androidx.test.core.app.InstrumentationActivityInvoker$BootstrapActivity
ADDED from [androidx.test:core:1.5.0] AndroidManifest.xml:27:9-34:20
	android:exported
		ADDED from [androidx.test:core:1.5.0] AndroidManifest.xml:29:13-36
	android:theme
		ADDED from [androidx.test:core:1.5.0] AndroidManifest.xml:30:13-56
	android:name
		ADDED from [androidx.test:core:1.5.0] AndroidManifest.xml:28:13-99
intent-filter#category:name:android.intent.category.LAUNCHER
ADDED from [androidx.test:core:1.5.0] AndroidManifest.xml:31:13-33:29
	android:priority
		ADDED from [androidx.test:core:1.5.0] AndroidManifest.xml:31:28-51
activity#androidx.test.core.app.InstrumentationActivityInvoker$EmptyActivity
ADDED from [androidx.test:core:1.5.0] AndroidManifest.xml:35:9-42:20
	android:exported
		ADDED from [androidx.test:core:1.5.0] AndroidManifest.xml:37:13-36
	android:theme
		ADDED from [androidx.test:core:1.5.0] AndroidManifest.xml:38:13-56
	android:name
		ADDED from [androidx.test:core:1.5.0] AndroidManifest.xml:36:13-95
activity#androidx.test.core.app.InstrumentationActivityInvoker$EmptyFloatingActivity
ADDED from [androidx.test:core:1.5.0] AndroidManifest.xml:43:9-50:20
	android:exported
		ADDED from [androidx.test:core:1.5.0] AndroidManifest.xml:45:13-36
	android:theme
		ADDED from [androidx.test:core:1.5.0] AndroidManifest.xml:46:13-62
	android:name
		ADDED from [androidx.test:core:1.5.0] AndroidManifest.xml:44:13-103
meta-data#androidx.lifecycle.ProcessLifecycleInitializer
ADDED from [androidx.lifecycle:lifecycle-process:2.6.2] AndroidManifest.xml:29:13-31:52
	android:value
		ADDED from [androidx.lifecycle:lifecycle-process:2.6.2] AndroidManifest.xml:31:17-49
	android:name
		ADDED from [androidx.lifecycle:lifecycle-process:2.6.2] AndroidManifest.xml:30:17-78
permission#${applicationId}.DYNAMIC_RECEIVER_NOT_EXPORTED_PERMISSION
ADDED from [androidx.core:core:1.12.0] AndroidManifest.xml:22:5-24:47
	android:protectionLevel
		ADDED from [androidx.core:core:1.12.0] AndroidManifest.xml:24:9-44
	android:name
		ADDED from [androidx.core:core:1.12.0] AndroidManifest.xml:23:9-81
permission#org.example.project.DYNAMIC_RECEIVER_NOT_EXPORTED_PERMISSION
ADDED from [androidx.core:core:1.12.0] AndroidManifest.xml:22:5-24:47
	android:protectionLevel
		ADDED from [androidx.core:core:1.12.0] AndroidManifest.xml:24:9-44
	android:name
		ADDED from [androidx.core:core:1.12.0] AndroidManifest.xml:23:9-81
uses-permission#${applicationId}.DYNAMIC_RECEIVER_NOT_EXPORTED_PERMISSION
ADDED from [androidx.core:core:1.12.0] AndroidManifest.xml:26:5-97
	android:name
		ADDED from [androidx.core:core:1.12.0] AndroidManifest.xml:26:22-94
uses-permission#org.example.project.DYNAMIC_RECEIVER_NOT_EXPORTED_PERMISSION
ADDED from [androidx.core:core:1.12.0] AndroidManifest.xml:26:5-97
	android:name
		ADDED from [androidx.core:core:1.12.0] AndroidManifest.xml:26:22-94
queries
ADDED from [androidx.test:runner:1.5.0] AndroidManifest.xml:24:5-28:15
package#androidx.test.orchestrator
ADDED from [androidx.test:runner:1.5.0] AndroidManifest.xml:25:9-62
	android:name
		ADDED from [androidx.test:runner:1.5.0] AndroidManifest.xml:25:18-59
package#androidx.test.services
ADDED from [androidx.test:runner:1.5.0] AndroidManifest.xml:26:9-58
	android:name
		ADDED from [androidx.test:runner:1.5.0] AndroidManifest.xml:26:18-55
package#com.google.android.apps.common.testing.services
ADDED from [androidx.test:runner:1.5.0] AndroidManifest.xml:27:9-83
	android:name
		ADDED from [androidx.test:runner:1.5.0] AndroidManifest.xml:27:18-80
meta-data#androidx.profileinstaller.ProfileInstallerInitializer
ADDED from [androidx.profileinstaller:profileinstaller:1.3.0] AndroidManifest.xml:29:13-31:52
	android:value
		ADDED from [androidx.profileinstaller:profileinstaller:1.3.0] AndroidManifest.xml:31:17-49
	android:name
		ADDED from [androidx.profileinstaller:profileinstaller:1.3.0] AndroidManifest.xml:30:17-85
receiver#androidx.profileinstaller.ProfileInstallReceiver
ADDED from [androidx.profileinstaller:profileinstaller:1.3.0] AndroidManifest.xml:34:9-52:20
	android:enabled
		ADDED from [androidx.profileinstaller:profileinstaller:1.3.0] AndroidManifest.xml:37:13-35
	android:exported
		ADDED from [androidx.profileinstaller:profileinstaller:1.3.0] AndroidManifest.xml:38:13-36
	android:permission
		ADDED from [androidx.profileinstaller:profileinstaller:1.3.0] AndroidManifest.xml:39:13-57
	android:directBootAware
		ADDED from [androidx.profileinstaller:profileinstaller:1.3.0] AndroidManifest.xml:36:13-44
	android:name
		ADDED from [androidx.profileinstaller:profileinstaller:1.3.0] AndroidManifest.xml:35:13-76
intent-filter#action:name:androidx.profileinstaller.action.INSTALL_PROFILE